<?xml version="1.0" encoding="UTF-8"?>
<testsuite name="com.assignment.twofactor.ExampleUnitTest" tests="1" skipped="0" failures="0" errors="0" timestamp="2023-11-26T00:32:53" hostname="ESETOBOREPC" time="0.008">
  <properties/>
  <testcase name="addition_isCorrect" classname="com.assignment.twofactor.ExampleUnitTest" time="0.008"/>
  <system-out><![CDATA[]]></system-out>
  <system-err><![CDATA[]]></system-err>
</testsuite>
